2025-10-24 11:30:26,059 - INFO - Starting scan of 9 endpoints
2025-10-24 11:30:26,065 - INFO - Loaded 7 payloads from payloads_reflected.csv
2025-10-24 11:30:26,065 - INFO - Testing endpoint: /
2025-10-24 11:30:26,115 - INFO -   [TEST] R1 - SAFE
2025-10-24 11:30:26,331 - INFO -   [TEST] R2 - SAFE
2025-10-24 11:30:26,547 - INFO -   [TEST] R6 - SAFE
2025-10-24 11:30:26,760 - INFO -   [TEST] R7 - SAFE
2025-10-24 11:30:26,975 - INFO -   [TEST] R8 - SAFE
2025-10-24 11:30:26,976 - INFO - Progress: 5/63 tests completed
2025-10-24 11:30:27,189 - INFO -   [TEST] R9 - SAFE
2025-10-24 11:30:27,401 - INFO -   [TEST] R10 - SAFE
2025-10-24 11:30:27,602 - INFO - Testing endpoint: /login.php
2025-10-24 11:30:27,611 - INFO -   [TEST] R1 - SAFE
2025-10-24 11:30:27,820 - INFO -   [TEST] R2 - SAFE
2025-10-24 11:30:28,031 - INFO -   [TEST] R6 - SAFE
2025-10-24 11:30:28,032 - INFO - Progress: 10/63 tests completed
2025-10-24 11:30:28,243 - INFO -   [TEST] R7 - SAFE
2025-10-24 11:30:28,450 - INFO -   [TEST] R8 - SAFE
2025-10-24 11:30:28,661 - INFO -   [TEST] R9 - SAFE
2025-10-24 11:30:28,871 - INFO -   [TEST] R10 - SAFE
2025-10-24 11:30:29,072 - INFO - Testing endpoint: /about.php
2025-10-24 11:30:29,101 - INFO -   [TEST] R1 - SAFE
2025-10-24 11:30:29,101 - INFO - Progress: 15/63 tests completed
2025-10-24 11:30:29,311 - INFO -   [TEST] R2 - SAFE
2025-10-24 11:30:29,516 - INFO -   [TEST] R6 - SAFE
2025-10-24 11:30:29,726 - INFO -   [TEST] R7 - SAFE
2025-10-24 11:30:29,935 - INFO -   [TEST] R8 - SAFE
2025-10-24 11:30:30,149 - INFO -   [TEST] R9 - SAFE
2025-10-24 11:30:30,151 - INFO - Progress: 20/63 tests completed
2025-10-24 11:30:30,360 - INFO -   [TEST] R10 - SAFE
2025-10-24 11:30:30,562 - INFO - Testing endpoint: /index.php
2025-10-24 11:30:30,576 - INFO -   [TEST] R1 - SAFE
2025-10-24 11:30:30,793 - INFO -   [TEST] R2 - SAFE
2025-10-24 11:30:31,010 - INFO -   [TEST] R6 - SAFE
2025-10-24 11:30:31,220 - INFO -   [TEST] R7 - SAFE
2025-10-24 11:30:31,220 - INFO - Progress: 25/63 tests completed
2025-10-24 11:30:31,435 - INFO -   [TEST] R8 - SAFE
2025-10-24 11:30:31,649 - INFO -   [TEST] R9 - SAFE
2025-10-24 11:30:31,863 - INFO -   [TEST] R10 - SAFE
2025-10-24 11:30:32,065 - INFO - Testing endpoint: /?search=test
2025-10-24 11:30:32,083 - INFO -   [TEST] R1 - SAFE
2025-10-24 11:30:32,295 - INFO -   [TEST] R2 - SAFE
2025-10-24 11:30:32,295 - INFO - Progress: 30/63 tests completed
2025-10-24 11:30:32,508 - INFO -   [TEST] R6 - SAFE
2025-10-24 11:30:32,721 - INFO -   [TEST] R7 - SAFE
2025-10-24 11:30:32,931 - INFO -   [TEST] R8 - SAFE
2025-10-24 11:30:33,145 - INFO -   [TEST] R9 - SAFE
2025-10-24 11:30:33,362 - INFO -   [TEST] R10 - SAFE
2025-10-24 11:30:33,362 - INFO - Progress: 35/63 tests completed
2025-10-24 11:30:33,564 - INFO - Testing endpoint: /?q=test
2025-10-24 11:30:33,583 - INFO -   [TEST] R1 - SAFE
2025-10-24 11:30:33,798 - INFO -   [TEST] R2 - SAFE
2025-10-24 11:30:34,011 - INFO -   [TEST] R6 - SAFE
2025-10-24 11:30:34,225 - INFO -   [TEST] R7 - SAFE
2025-10-24 11:30:34,442 - INFO -   [TEST] R8 - SAFE
2025-10-24 11:30:34,443 - INFO - Progress: 40/63 tests completed
2025-10-24 11:30:34,659 - INFO -   [TEST] R9 - SAFE
2025-10-24 11:30:34,873 - INFO -   [TEST] R10 - SAFE
2025-10-24 11:30:35,076 - INFO - Testing endpoint: /?query=test
2025-10-24 11:30:35,096 - INFO -   [TEST] R1 - SAFE
2025-10-24 11:30:35,326 - INFO -   [TEST] R2 - SAFE
2025-10-24 11:30:35,541 - INFO -   [TEST] R6 - SAFE
2025-10-24 11:30:35,541 - INFO - Progress: 45/63 tests completed
2025-10-24 11:30:35,757 - INFO -   [TEST] R7 - SAFE
2025-10-24 11:30:35,973 - INFO -   [TEST] R8 - SAFE
2025-10-24 11:30:36,184 - INFO -   [TEST] R9 - SAFE
2025-10-24 11:30:36,394 - INFO -   [TEST] R10 - SAFE
2025-10-24 11:30:36,595 - INFO - Testing endpoint: /?id=1
2025-10-24 11:30:36,612 - INFO -   [TEST] R1 - SAFE
2025-10-24 11:30:36,613 - INFO - Progress: 50/63 tests completed
2025-10-24 11:30:36,829 - INFO -   [TEST] R2 - SAFE
2025-10-24 11:30:37,042 - INFO -   [TEST] R6 - SAFE
2025-10-24 11:30:37,257 - INFO -   [TEST] R7 - SAFE
2025-10-24 11:30:37,472 - INFO -   [TEST] R8 - SAFE
2025-10-24 11:30:37,684 - INFO -   [TEST] R9 - SAFE
2025-10-24 11:30:37,684 - INFO - Progress: 55/63 tests completed
2025-10-24 11:30:37,899 - INFO -   [TEST] R10 - SAFE
2025-10-24 11:30:38,100 - INFO - Testing endpoint: /?page=1
2025-10-24 11:30:38,113 - INFO -   [TEST] R1 - SAFE
2025-10-24 11:30:38,336 - INFO -   [TEST] R2 - SAFE
2025-10-24 11:30:38,548 - INFO -   [TEST] R6 - SAFE
2025-10-24 11:30:38,764 - INFO -   [TEST] R7 - SAFE
2025-10-24 11:30:38,765 - INFO - Progress: 60/63 tests completed
2025-10-24 11:30:38,979 - INFO -   [TEST] R8 - SAFE
2025-10-24 11:30:39,192 - INFO -   [TEST] R9 - SAFE
2025-10-24 11:30:39,409 - INFO -   [TEST] R10 - SAFE
2025-10-24 11:30:39,615 - INFO - Dataset saved: c:\Users\vishal\Desktop\WEBSCAN_PRO\xss_detection\data\xss_fixed_dataset.csv
2025-10-24 11:30:39,616 - INFO - Results: 0/63 malicious samples
2025-10-24 11:30:39,616 - INFO - Reflected payloads: 0/63
